2024-02-13 13:10:42,016 - pyswarms.single.global_best - INFO - Optimize for 100 iters with {'c1': 0.5, 'c2': 0.3, 'w': 0.9}
2024-02-13 13:11:06,772 - pyswarms.single.global_best - INFO - Optimization finished | best cost: -1.0, best pos: [0.34254805 0.8003775  0.5071047  0.0719722  0.67077305 0.13488407
 0.49205951 0.14586287 0.69172032 0.05668053 0.05101736 0.51763563
 0.89175415 0.34146996 0.56199659 0.54148829 0.67447764 0.00867349
 0.57064961 0.41872198 0.723919   0.38886202 0.8428329  0.83356218
 0.08677711 0.77322707 0.77736312 0.76852393 0.77168282 0.1429516
 0.8782693  0.86083321 0.8437429  0.45691053 0.43837237 0.92607355
 0.91710033 0.67143791 0.21206363 0.5562797  0.43877571 0.35538141
 0.71199864 0.73491298 0.54386388 0.05772216 0.58135094 0.15490767
 0.35065798 0.52413857 0.25728316 0.66740989 0.20261873 0.75495743
 0.07098114 0.84258653 0.48898343 0.67839213 0.00830289 0.59260348
 0.87593902 0.65583299 0.09055915 0.54185549 0.54448312 0.416887
 0.53380244 0.5585221  0.38811072 0.31390618 0.9571791  0.84611717
 0.1360763  0.04942782 0.68282889 0.17435703 0.31311852 0.27374459
 0.48108021 0.87171957 0.20913245 0.41350163 0.57921145 0.17873782
 0.26781024 0.14507966 0.3646079  0.35623043 0.73799895 0.96261952
 0.17365708 0.86377369 0.1627808  0.4222762  0.09823204 0.28759145
 0.61046593 0.59445208 0.56674586 0.81291958 0.63878571 0.74938957
 0.66532933 0.6090557  0.74547762 0.57201618 0.34078537 0.85315714
 0.89452507 0.8568653  0.99081738 0.52337598 0.64785344 0.41117334
 0.07893218 0.2331754  0.48551491 0.7478427 ]
2024-02-13 13:14:07,810 - pyswarms.single.global_best - INFO - Optimize for 100 iters with {'c1': 0.5, 'c2': 0.3, 'w': 0.9}
2024-02-13 13:14:32,481 - pyswarms.single.global_best - INFO - Optimization finished | best cost: -1.0, best pos: [0.54390817 0.94923297 0.07861666 0.29898335 0.11707851 0.3100899
 0.38824334 0.0884724  0.92725017 0.15953508 0.21782083 0.29822211
 0.66541036 0.97376139 0.23124198 0.21345249 0.17429424 0.2665467
 0.05584312 0.08781786 0.65439047 0.8296552  0.36350324 0.90479314
 0.41018921 0.43684981 0.06618078 0.52597701 0.74103037 0.15610103
 0.54122352 0.89396367 0.19378357 0.07752565 0.4375051  0.87578422
 0.82229068 0.17903584 0.63801855 0.21766843 0.50979248 0.87814545
 0.92639952 0.74468375 0.88544945 0.571458   0.6876213  0.46520101
 0.80470467 0.22466808 0.5699216  0.31768466 0.01140284 0.60329173
 0.9268236  0.75860334 0.5406602  0.46346254 0.53860041 0.78540469
 0.99806561 0.72856186 0.8506683  0.2265735  0.55456295 0.06907776
 0.25434081 0.03004182 0.53369681 0.3751588  0.73115108 0.94426184
 0.06930131 0.15558873 0.31618256 0.20383545 0.63840028 0.35268372
 0.51146362 0.17307303 0.80102544 0.29977912 0.52687875 0.2361484
 0.05773114 0.6147718  0.92799001 0.47950088 0.1946461  0.96653668
 0.55333326 0.78677411 0.64938895 0.96048037 0.01007512 0.68183744
 0.79767575 0.81762974 0.28230714 0.85687487 0.15742304 0.67115561
 0.17661773 0.35287204 0.86148706 0.61906994 0.94222421 0.39158691
 0.13513751 0.30170351 0.93175417 0.08890293 0.61455012 0.96195812
 0.22456319 0.92318754 0.98698101 0.85103016]
2024-02-13 13:16:04,337 - pyswarms.single.global_best - INFO - Optimize for 100 iters with {'c1': 0.5, 'c2': 0.3, 'w': 0.7}
2024-02-13 13:16:29,114 - pyswarms.single.global_best - INFO - Optimization finished | best cost: -1.0, best pos: [0.62781892 0.38506431 0.34016923 0.45969806 0.08427815 0.54064491
 0.19753487 0.34529632 0.8583607  0.90719873 0.86016469 0.76987411
 0.2676424  0.49065739 0.18732867 0.54236162 0.23561832 0.8251845
 0.98293194 0.58930839 0.29978451 0.30583022 0.59145511 0.0936209
 0.68605075 0.37328858 0.09141893 0.33317718 0.52906688 0.19950451
 0.96290858 0.63482046 0.25559387 0.69245686 0.09502927 0.8417172
 0.33292218 0.3761622  0.23724433 0.83205762 0.48343873 0.40671957
 0.07821452 0.47560656 0.99001398 0.60264541 0.17278992 0.68274409
 0.92044587 0.80820917 0.57615313 0.70972083 0.74120723 0.25639631
 0.07636314 0.2393545  0.67384279 0.69031618 0.0187562  0.3485639
 0.5743455  0.13018527 0.17463603 0.16940102 0.26371463 0.14538883
 0.28499178 0.57802968 0.19899439 0.12811468 0.60165425 0.49521708
 0.32912208 0.9387235  0.61320808 0.66761458 0.90705552 0.48961753
 0.58059986 0.7353714  0.98847438 0.66597415 0.82418863 0.71762812
 0.22299225 0.71626841 0.01211101 0.65137617 0.03765148 0.18675309
 0.0059626  0.79328741 0.70514236 0.13893752 0.5149072  0.46794397
 0.47414336 0.98864858 0.60461662 0.76650001 0.92581801 0.92159131
 0.80059736 0.84611427 0.39116331 0.46129938 0.05936915 0.85707968
 0.1353631  0.57982348 0.86684136 0.01788579 0.22914402 0.40886815
 0.5789731  0.68996396 0.07377335 0.16655221]
2024-02-13 13:19:29,341 - pyswarms.single.global_best - INFO - Optimize for 100 iters with {'c1': 0.5, 'c2': 0.3, 'w': 0.7}
2024-02-13 23:24:36,636 - pyswarms.single.global_best - INFO - Optimization finished | best cost: -0.9964151319002961, best pos: [0.60498168 0.84076941 0.26097326 0.73743196 0.84348469 0.5589699
 0.76928921 0.31613122 0.67885625 0.36925896 0.74096003 0.57087437
 0.58202068 0.79122466 0.45326348 0.60396602 0.60399228 0.5198624
 0.58389866 0.59480501 0.643756   0.50840392 0.7821788  0.588745
 0.73214019 0.42645866 0.61603139 0.56341831 0.82984322 0.63889292
 0.69617628 0.85890089 0.86796673 0.82296671 0.40430869 0.34954919
 0.59515982 0.45807263 0.50273558 0.38794804 0.64194988 0.4809276
 0.66980176 0.79937894 0.41926081 0.67753911 0.64016836 0.66399311
 0.49018689 0.30105864 0.42562275 0.68307755 0.46750469 0.10113831
 0.16435706 0.71654474 0.31301343 0.68943245 0.79019966 0.691308
 0.64015672 0.79634126 0.42117337 0.70572358 0.63178735 0.6138815
 0.42865556 0.68112685 0.20484212 0.58099345 0.34332489 0.78440982
 0.77474749 0.31069931 0.84699737 0.554427   0.6845262  0.59991481
 0.68253602 0.45784601 0.8121606  0.49260496 0.63582615 0.33311691
 0.30393017 0.72791612 0.70417024 0.72952927 0.667832   0.58320949
 0.70249413 0.43918781 0.8337128  0.52447055 0.48601091 0.68727623
 0.37376816 0.53971935 0.46368997 0.79781017 0.67793571 0.73752086
 0.47706004 0.64429634 0.55527791 0.56745066 0.5420652  0.65975516
 0.48278475 0.59968032 0.55437693 0.89641904 0.45690019 0.58940441
 0.65255567 0.20619422 0.74238363 0.68545965]
